
> lovas-political-site@0.1.0 build
> next build

   ▲ Next.js 14.1.3
   - Environments: .env.local, .env.production, .env

   Creating an optimized production build ...
Browserslist: browsers data (caniuse-lite) is 8 months old. Please run:
  npx update-browserslist-db@latest
  Why you should do it regularly: https://github.com/browserslist/update-db#readme
Browserslist: caniuse-lite is outdated. Please run:
  npx update-browserslist-db@latest
  Why you should do it regularly: https://github.com/browserslist/update-db#readme
 ✓ Compiled successfully
   Linting and checking validity of types ...
   Collecting page data ...
   Generating static pages (0/34) ...
   Generating static pages (8/34) 
   Generating static pages (16/34) 
   Generating static pages (25/34) 
Error fetching events: TypeError: fetch failed
    at node:internal/deps/undici/undici:13502:13
    at process.processTicksAndRejections (node:internal/process/task_queues:105:5)
    at async globalThis.fetch (/Users/lovas.zoltan/Seafile/Saját kötet/Me, Myself and I/webpage/lovas-political-site/.next/server/chunks/1638.js:1:36497)
    at async u (/Users/lovas.zoltan/Seafile/Saját kötet/Me, Myself and I/webpage/lovas-political-site/.next/server/app/esemenyek/page.js:16:1069)
    at async Promise.all (index 0)
    at async p (/Users/lovas.zoltan/Seafile/Saját kötet/Me, Myself and I/webpage/lovas-political-site/.next/server/app/esemenyek/page.js:16:1303) {
  [cause]: AggregateError [ECONNREFUSED]: 
      at internalConnectMultiple (node:net:1139:18)
      at afterConnectMultiple (node:net:1712:7)
      at TCPConnectWrap.callbackTrampoline (node:internal/async_hooks:130:17) {
    code: 'ECONNREFUSED',
    [errors]: [ [Error], [Error] ]
  }
}
Error fetching events: TypeError: fetch failed
    at node:internal/deps/undici/undici:13502:13
    at process.processTicksAndRejections (node:internal/process/task_queues:105:5)
    at async globalThis.fetch (/Users/lovas.zoltan/Seafile/Saját kötet/Me, Myself and I/webpage/lovas-political-site/.next/server/chunks/1638.js:1:36497)
    at async u (/Users/lovas.zoltan/Seafile/Saját kötet/Me, Myself and I/webpage/lovas-political-site/.next/server/app/esemenyek/page.js:16:1069)
    at async Promise.all (index 0)
    at async p (/Users/lovas.zoltan/Seafile/Saját kötet/Me, Myself and I/webpage/lovas-political-site/.next/server/app/esemenyek/page.js:16:1303) {
  [cause]: AggregateError [ECONNREFUSED]: 
      at internalConnectMultiple (node:net:1139:18)
      at afterConnectMultiple (node:net:1712:7)
      at TCPConnectWrap.callbackTrampoline (node:internal/async_hooks:130:17) {
    code: 'ECONNREFUSED',
    [errors]: [ [Error], [Error] ]
  }
}
Error fetching program points: TypeError: fetch failed
    at node:internal/deps/undici/undici:13502:13
    at process.processTicksAndRejections (node:internal/process/task_queues:105:5)
    at async globalThis.fetch (/Users/lovas.zoltan/Seafile/Saját kötet/Me, Myself and I/webpage/lovas-political-site/.next/server/chunks/1638.js:1:36497)
    at async i (/Users/lovas.zoltan/Seafile/Saját kötet/Me, Myself and I/webpage/lovas-political-site/.next/server/app/program/page.js:6:9562)
    at async Promise.all (index 0)
    at async o (/Users/lovas.zoltan/Seafile/Saját kötet/Me, Myself and I/webpage/lovas-political-site/.next/server/app/program/page.js:6:9933) {
  [cause]: AggregateError [ECONNREFUSED]: 
      at internalConnectMultiple (node:net:1139:18)
      at afterConnectMultiple (node:net:1712:7)
      at TCPConnectWrap.callbackTrampoline (node:internal/async_hooks:130:17) {
    code: 'ECONNREFUSED',
    [errors]: [ [Error], [Error] ]
  }
}
Error fetching program points: TypeError: fetch failed
    at node:internal/deps/undici/undici:13502:13
    at process.processTicksAndRejections (node:internal/process/task_queues:105:5)
    at async globalThis.fetch (/Users/lovas.zoltan/Seafile/Saját kötet/Me, Myself and I/webpage/lovas-political-site/.next/server/chunks/1638.js:1:36497)
    at async i (/Users/lovas.zoltan/Seafile/Saját kötet/Me, Myself and I/webpage/lovas-political-site/.next/server/app/program/page.js:6:9562)
    at async Promise.all (index 0)
    at async o (/Users/lovas.zoltan/Seafile/Saját kötet/Me, Myself and I/webpage/lovas-political-site/.next/server/app/program/page.js:6:9933) {
  [cause]: AggregateError [ECONNREFUSED]: 
      at internalConnectMultiple (node:net:1139:18)
      at afterConnectMultiple (node:net:1712:7)
      at TCPConnectWrap.callbackTrampoline (node:internal/async_hooks:130:17) {
    code: 'ECONNREFUSED',
    [errors]: [ [Error], [Error] ]
  }
}
 ✓ Generating static pages (34/34) 
   Finalizing page optimization ...
   Collecting build traces ...

Route (app)                              Size     First Load JS
┌ ○ /                                    5.07 kB        96.4 kB
├ ○ /_not-found                          890 B          85.4 kB
├ ○ /admin                               2.32 kB        93.6 kB
├ ○ /admin/events                        2.45 kB        93.8 kB
├ λ /admin/events/[id]/edit              2.87 kB         185 kB
├ ○ /admin/events/new                    2.66 kB         185 kB
├ ○ /admin/login                         2.47 kB        97.2 kB
├ ○ /admin/messages                      2.73 kB        94.1 kB
├ λ /admin/messages/[id]/edit            2.87 kB        94.2 kB
├ ○ /admin/posts                         2.69 kB          94 kB
├ λ /admin/posts/[id]/edit               4.13 kB        93.8 kB
├ ○ /admin/posts/new                     4 kB           93.7 kB
├ ○ /admin/slides                        32.5 kB         124 kB
├ λ /admin/slides/[id]/edit              4.31 kB         101 kB
├ ○ /admin/slides/new                    4.15 kB         101 kB
├ ○ /admin/themes                        1.98 kB        93.3 kB
├ λ /admin/themes/[type]                 1.86 kB        86.4 kB
├ ○ /admin/themes/new                    3.46 kB          88 kB
├ λ /admin/themes/new/[id]/edit          3.77 kB        88.3 kB
├ ○ /api-test                            1.17 kB        85.7 kB
├ λ /api/admin/seed                      0 B                0 B
├ λ /api/auth/[...nextauth]              0 B                0 B
├ λ /api/contact                         0 B                0 B
├ ○ /api/events                          0 B                0 B
├ λ /api/events/[id]                     0 B                0 B
├ ○ /api/events/new                      2.65 kB         185 kB
├ λ /api/hirek                           0 B                0 B
├ λ /api/messages                        0 B                0 B
├ λ /api/messages/[id]                   0 B                0 B
├ λ /api/posts                           0 B                0 B
├ λ /api/posts/[id]                      0 B                0 B
├ ○ /api/program                         0 B                0 B
├ λ /api/slides                          0 B                0 B
├ λ /api/slides/[id]                     0 B                0 B
├ ○ /api/test-themes                     0 B                0 B
├ λ /api/themes                          0 B                0 B
├ λ /api/themes/[type]                   0 B                0 B
├ λ /api/upload                          0 B                0 B
├ ○ /esemenyek                           158 B          84.7 kB
├ ○ /hirek                               2.21 kB        86.7 kB
├ λ /hirek/[id]                          1.76 kB        98.2 kB
├ ○ /kapcsolat                           2.27 kB        86.8 kB
├ λ /posts/[id]                          1.25 kB        97.7 kB
├ ○ /program                             158 B          84.7 kB
└ ○ /rolam                               3.48 kB        94.8 kB
+ First Load JS shared by all            84.5 kB
  ├ chunks/8069-21468ced80e72ed3.js      29 kB
  ├ chunks/fd9d1056-7c849f920d83a53a.js  53.4 kB
  └ other shared chunks (total)          2.09 kB


○  (Static)   prerendered as static content
λ  (Dynamic)  server-rendered on demand using Node.js

